<?xml version="1.0" encoding="UTF-8"?>
<!-- Generated by org.testng.reporters.JUnitReportReporter -->
<testsuite hostname="DESKTOP-R4Q93GI" failures="0" tests="4" name="testNG.SampleTestNG" time="0.061" errors="0" timestamp="2023-06-05T05:52:14 IST" skipped="0">
  <testcase classname="testNG.SampleTestNG" name="thirdcase" time="0.008"/>
  <system-out/>
  <testcase classname="testNG.SampleTestNG" name="secondcase" time="0.024"/>
  <system-out/>
  <testcase classname="testNG.SampleTestNG" name="firstcase" time="0.023"/>
  <system-out/>
  <testcase classname="testNG.SampleTestNG" name="fourthcase" time="0.006"/>
  <system-out/>
</testsuite> <!-- testNG.SampleTestNG -->
