<?xml version="1.0" encoding="UTF-8"?>
<!-- Generated by org.testng.reporters.JUnitReportReporter -->
<testsuite hostname="DESKTOP-R4Q93GI" failures="0" tests="5" name="testNG.DriveACar" time="0.073" errors="0" timestamp="2023-06-05T06:01:46 IST" skipped="0">
  <testcase classname="testNG.DriveACar" name="startThecar" time="0.032"/>
  <system-out/>
  <testcase classname="testNG.DriveACar" name="putFirstGear" time="0.007"/>
  <system-out/>
  <testcase classname="testNG.DriveACar" name="putSecondGear" time="0.023"/>
  <system-out/>
  <testcase classname="testNG.DriveACar" name="putThirdGear" time="0.004"/>
  <system-out/>
  <testcase classname="testNG.DriveACar" name="putFourGear" time="0.007"/>
  <system-out/>
</testsuite> <!-- testNG.DriveACar -->
