<?xml version="1.0" encoding="UTF-8"?>
<!-- Generated by org.testng.reporters.JUnitReportReporter -->
<testsuite hostname="DESKTOP-R4Q93GI" failures="0" tests="6" name="testNG.skipTestCase" time="0.074" errors="0" timestamp="2023-06-05T06:10:15 IST" skipped="1">
  <testcase classname="testNG.skipTestCase" name="startThecar" time="0.033"/>
  <system-out/>
  <testcase classname="testNG.skipTestCase" name="putFirstGear" time="0.006"/>
  <system-out/>
  <testcase classname="testNG.skipTestCase" name="putSecondGear" time="0.016"/>
  <system-out/>
  <testcase classname="testNG.skipTestCase" name="putThirdGear" time="0.012"/>
  <system-out/>
  <testcase classname="testNG.skipTestCase" name="putFourGear" time="0.007"/>
  <system-out/>
  <testcase classname="testNG.skipTestCase" name="turnMusic">
    <skipped/>
  </testcase> <!-- turnMusic -->
  <system-out/>
</testsuite> <!-- testNG.skipTestCase -->
